<?xml version="1.0" encoding="UTF-8"?>
<!-- Generated by org.testng.reporters.JUnitXMLReporter -->
<testsuite hostname="ezs013" name="Selenium Test" tests="2" failures="2" timestamp="23 Aug 2017 09:17:45 GMT" time="11.278" errors="0">
  <testcase name="openFacebook" time="3.274" classname="selenium.ScreenshotInResultsTest">
    <failure type="java.lang.AssertionError" message="Test was failed">
      <![CDATA[java.lang.AssertionError: Test was failed
	at selenium.ScreenshotInResultsTest.openFacebook(ScreenshotInResultsTest.java:33)
... Removed 26 stack frames]]>
    </failure>
  </testcase> <!-- openFacebook -->
  <testcase name="openGoogle" time="1.47" classname="selenium.ScreenshotInResultsTest">
    <failure type="java.lang.AssertionError" message="Test was failed">
      <![CDATA[java.lang.AssertionError: Test was failed
	at selenium.ScreenshotInResultsTest.openGoogle(ScreenshotInResultsTest.java:41)
... Removed 26 stack frames]]>
    </failure>
  </testcase> <!-- openGoogle -->
</testsuite> <!-- Selenium Test -->
