<!DOCTYPE html PUBLIC "-//W3C//DTD XHTML 1.1//EN" "http://www.w3.org/TR/xhtml11/DTD/xhtml11.dtd">
<html xmlns="http://www.w3.org/1999/xhtml">
<head>
<title>TestNG Report</title>
<style type="text/css">
table {margin-bottom:10px;border-collapse:collapse;empty-cells:show}
td,th {border:1px solid #009;padding:.25em .5em}
.result th {vertical-align:bottom}
.param th {padding-left:1em;padding-right:1em}
.param td {padding-left:.5em;padding-right:2em}
.stripe td,.stripe th {background-color: #E6EBF9}
.numi,.numi_attn {text-align:right}
.total td {font-weight:bold}
.passedodd td {background-color: #0A0}
.passedeven td {background-color: #3F3}
.skippedodd td {background-color: #CCC}
.skippedodd td {background-color: #DDD}
.failedodd td,.numi_attn {background-color: #F33}
.failedeven td,.stripe .numi_attn {background-color: #D00}
.stacktrace {white-space:pre;font-family:monospace}
.totop {font-size:85%;text-align:center;border-bottom:2px solid #000}
</style>
</head>
<body>
<table cellspacing="0" cellpadding="0" class="testOverview">
<tr><th>Test</th><th># passed</th><th># skipped</th><th># failed</th><th>Start<br/>Time</th><th>End<br/>Time</th><th>Total<br/>Time(hh:mm:ss)</th><th>Included<br/>Groups</th><th>Excluded<br/>Groups</th></tr>
<tr><th colspan="10">Suite</th></tr>
<tr><td style="text-align:left;padding-right:2em"><a href="#t1"><b>Test</b></a></td><td class="numi">1</td><td class="numi_attn">1</td><td class="numi">0</td><td class="numi">16:04:02</td></td>
<td class="numi">16:04:32</td></td>
<td class="numi">00:00:30</td><td class="numi"></td><td class="numi"></td></tr>
</table>
<table cellspacing="0" cellpadding="0" class="methodOverview" id="summary">
<tr><th>Class</th><th>Method</th><th>Exception & screenshot</th><th>Start Time </th><th>Time<br/>(hh:mm:ss)</th></tr>
<tr><th colspan="5">Suite</th></tr>
<tr id="t1"><th colspan="5">Test &#8212; skipped</th></tr>
<tr class="skippedodd"><td>selenium.ScreenshotInResultsTest</td><td><a href="#m1"><b>openFacebook</b>  </a></td><td class="numi" style="text-align:left;padding-right:2em">org.testng.TestNGException: <br/></td><td style="text-align:right">16:04:27</td><td class="numi">00:00:00</td></tr>
<tr><th colspan="5">Test &#8212; passed</th></tr>
<tr class="passedodd"><td>selenium.ScreenshotInResultsTest</td><td><a href="#m2"><b>openGoogle</b>  </a></td><td class="numi" style="text-align:left;padding-right:2em"><br/></td><td style="text-align:right">16:04:27</td><td class="numi">00:00:04</td></tr>
</table>
<h1>Test</h1>
<h2 id="m1">selenium.ScreenshotInResultsTest:openFacebook</h2>
<div>
<div class="stacktrace">org.testng.TestNGException: 
Method openFacebook requires 1 parameters but 0 were supplied in the @Test annotation.
... Removed 24 stack frames</div>
</div>
<p class="totop"><a href="#summary">back to summary</a></p>
<h2 id="m2">selenium.ScreenshotInResultsTest:openGoogle</h2>
<p class="totop"><a href="#summary">back to summary</a></p>
<center> Report customized </center>
</body></html>
