<?xml version="1.0" encoding="UTF-8"?>
<testng-results skipped="0" failed="2" total="2" passed="0">
  <reporter-output>
    <line>
      <![CDATA[<a href=file:///C:\Users\Easy solutions\git\selenium-test\Maven_Selenium\screenshots\LatestResults\ScreenshotInResultsTest\openFacebook.png> <img width='100' height='100' src=file:///C:\Users\Easy solutions\git\selenium-test\Maven_Selenium\screenshots\LatestResults\ScreenshotInResultsTest\openFacebook.png> </a>]]>
    </line>
    <line>
      <![CDATA[<a href=file:///C:\Users\Easy solutions\git\selenium-test\Maven_Selenium\screenshots\LatestResults\ScreenshotInResultsTest\openGoogle.png> <img width='100' height='100' src=file:///C:\Users\Easy solutions\git\selenium-test\Maven_Selenium\screenshots\LatestResults\ScreenshotInResultsTest\openGoogle.png> </a>]]>
    </line>
  </reporter-output>
  <suite name="Suite" duration-ms="11278" started-at="2017-08-23T09:17:33Z" finished-at="2017-08-23T09:17:45Z">
    <groups>
    </groups>
    <test name="Selenium Test" duration-ms="11278" started-at="2017-08-23T09:17:33Z" finished-at="2017-08-23T09:17:45Z">
      <class name="selenium.ScreenshotInResultsTest">
        <test-method status="PASS" signature="browserInstantiate()[pri:0, instance:selenium.ScreenshotInResultsTest@6fd02e5]" name="browserInstantiate" is-config="true" duration-ms="4571" started-at="2017-08-23T14:47:33Z" finished-at="2017-08-23T14:47:38Z">
          <reporter-output>
          </reporter-output>
        </test-method> <!-- browserInstantiate -->
        <test-method status="FAIL" signature="openFacebook()[pri:1, instance:selenium.ScreenshotInResultsTest@6fd02e5]" name="openFacebook" duration-ms="3274" started-at="2017-08-23T14:47:38Z" finished-at="2017-08-23T14:47:41Z">
          <exception class="java.lang.AssertionError">
            <message>
              <![CDATA[Test was failed]]>
            </message>
            <full-stacktrace>
              <![CDATA[java.lang.AssertionError: Test was failed
	at org.testng.Assert.fail(Assert.java:94)
	at selenium.ScreenshotInResultsTest.openFacebook(ScreenshotInResultsTest.java:33)
	at sun.reflect.NativeMethodAccessorImpl.invoke0(Native Method)
	at sun.reflect.NativeMethodAccessorImpl.invoke(Unknown Source)
	at sun.reflect.DelegatingMethodAccessorImpl.invoke(Unknown Source)
	at java.lang.reflect.Method.invoke(Unknown Source)
	at org.testng.internal.MethodInvocationHelper.invokeMethod(MethodInvocationHelper.java:100)
	at org.testng.internal.Invoker.invokeMethod(Invoker.java:646)
	at org.testng.internal.Invoker.invokeTestMethod(Invoker.java:811)
	at org.testng.internal.Invoker.invokeTestMethods(Invoker.java:1129)
	at org.testng.internal.TestMethodWorker.invokeTestMethods(TestMethodWorker.java:129)
	at org.testng.internal.TestMethodWorker.run(TestMethodWorker.java:112)
	at org.testng.TestRunner.privateRun(TestRunner.java:746)
	at org.testng.TestRunner.run(TestRunner.java:600)
	at org.testng.SuiteRunner.runTest(SuiteRunner.java:366)
	at org.testng.SuiteRunner.runSequentially(SuiteRunner.java:361)
	at org.testng.SuiteRunner.privateRun(SuiteRunner.java:319)
	at org.testng.SuiteRunner.run(SuiteRunner.java:268)
	at org.testng.SuiteRunnerWorker.runSuite(SuiteRunnerWorker.java:52)
	at org.testng.SuiteRunnerWorker.run(SuiteRunnerWorker.java:86)
	at org.testng.TestNG.runSuitesSequentially(TestNG.java:1264)
	at org.testng.TestNG.runSuitesLocally(TestNG.java:1189)
	at org.testng.TestNG.runSuites(TestNG.java:1104)
	at org.testng.TestNG.run(TestNG.java:1076)
	at org.testng.remote.AbstractRemoteTestNG.run(AbstractRemoteTestNG.java:126)
	at org.testng.remote.RemoteTestNG.initAndRun(RemoteTestNG.java:152)
	at org.testng.remote.RemoteTestNG.main(RemoteTestNG.java:57)
]]>
            </full-stacktrace>
          </exception> <!-- java.lang.AssertionError -->
          <reporter-output>
            <line>
              <![CDATA[<a href=file:///C:\Users\Easy solutions\git\selenium-test\Maven_Selenium\screenshots\LatestResults\ScreenshotInResultsTest\openFacebook.png> <img width='100' height='100' src=file:///C:\Users\Easy solutions\git\selenium-test\Maven_Selenium\screenshots\LatestResults\ScreenshotInResultsTest\openFacebook.png> </a>]]>
            </line>
          </reporter-output>
        </test-method> <!-- openFacebook -->
        <test-method status="FAIL" signature="openGoogle()[pri:2, instance:selenium.ScreenshotInResultsTest@6fd02e5]" name="openGoogle" duration-ms="1470" started-at="2017-08-23T14:47:42Z" finished-at="2017-08-23T14:47:43Z">
          <exception class="java.lang.AssertionError">
            <message>
              <![CDATA[Test was failed]]>
            </message>
            <full-stacktrace>
              <![CDATA[java.lang.AssertionError: Test was failed
	at org.testng.Assert.fail(Assert.java:94)
	at selenium.ScreenshotInResultsTest.openGoogle(ScreenshotInResultsTest.java:41)
	at sun.reflect.NativeMethodAccessorImpl.invoke0(Native Method)
	at sun.reflect.NativeMethodAccessorImpl.invoke(Unknown Source)
	at sun.reflect.DelegatingMethodAccessorImpl.invoke(Unknown Source)
	at java.lang.reflect.Method.invoke(Unknown Source)
	at org.testng.internal.MethodInvocationHelper.invokeMethod(MethodInvocationHelper.java:100)
	at org.testng.internal.Invoker.invokeMethod(Invoker.java:646)
	at org.testng.internal.Invoker.invokeTestMethod(Invoker.java:811)
	at org.testng.internal.Invoker.invokeTestMethods(Invoker.java:1129)
	at org.testng.internal.TestMethodWorker.invokeTestMethods(TestMethodWorker.java:129)
	at org.testng.internal.TestMethodWorker.run(TestMethodWorker.java:112)
	at org.testng.TestRunner.privateRun(TestRunner.java:746)
	at org.testng.TestRunner.run(TestRunner.java:600)
	at org.testng.SuiteRunner.runTest(SuiteRunner.java:366)
	at org.testng.SuiteRunner.runSequentially(SuiteRunner.java:361)
	at org.testng.SuiteRunner.privateRun(SuiteRunner.java:319)
	at org.testng.SuiteRunner.run(SuiteRunner.java:268)
	at org.testng.SuiteRunnerWorker.runSuite(SuiteRunnerWorker.java:52)
	at org.testng.SuiteRunnerWorker.run(SuiteRunnerWorker.java:86)
	at org.testng.TestNG.runSuitesSequentially(TestNG.java:1264)
	at org.testng.TestNG.runSuitesLocally(TestNG.java:1189)
	at org.testng.TestNG.runSuites(TestNG.java:1104)
	at org.testng.TestNG.run(TestNG.java:1076)
	at org.testng.remote.AbstractRemoteTestNG.run(AbstractRemoteTestNG.java:126)
	at org.testng.remote.RemoteTestNG.initAndRun(RemoteTestNG.java:152)
	at org.testng.remote.RemoteTestNG.main(RemoteTestNG.java:57)
]]>
            </full-stacktrace>
          </exception> <!-- java.lang.AssertionError -->
          <reporter-output>
            <line>
              <![CDATA[<a href=file:///C:\Users\Easy solutions\git\selenium-test\Maven_Selenium\screenshots\LatestResults\ScreenshotInResultsTest\openGoogle.png> <img width='100' height='100' src=file:///C:\Users\Easy solutions\git\selenium-test\Maven_Selenium\screenshots\LatestResults\ScreenshotInResultsTest\openGoogle.png> </a>]]>
            </line>
          </reporter-output>
        </test-method> <!-- openGoogle -->
        <test-method status="PASS" signature="quitDriver()[pri:0, instance:selenium.ScreenshotInResultsTest@6fd02e5]" name="quitDriver" is-config="true" duration-ms="981" started-at="2017-08-23T14:47:44Z" finished-at="2017-08-23T14:47:45Z">
          <reporter-output>
          </reporter-output>
        </test-method> <!-- quitDriver -->
      </class> <!-- selenium.ScreenshotInResultsTest -->
    </test> <!-- Selenium Test -->
  </suite> <!-- Suite -->
</testng-results>
